Added Component: Designator=A(SSOP24)
Added Component: Designator=B(SSOP24)
Added Component: Designator=C1(0805 CAP)
Added Component: Designator=C2(0805 CAP)
Added Component: Designator=C3(0805 CAP)
Added Component: Designator=C4(0805 CAP)
Added Component: Designator=C5(0805 CAP)
Added Component: Designator=C6(0805 CAP)
Added Component: Designator=C7(0805 CAP)
Added Component: Designator=C8(0805 CAP)
Added Component: Designator=C9(0805 CAP)
Added Component: Designator=C10(0805 CAP)
Added Component: Designator=C11(0805 CAP)
Added Component: Designator=C12(0805 CAP)
Added Component: Designator=C13(TANTAL_A)
Added Component: Designator=C14(0805 CAP)
Added Component: Designator=C15(0805 CAP)
Added Component: Designator=C16(0805 CAP)
Added Component: Designator=C17(TANTAL_A)
Added Component: Designator=C18(0805 CAP)
Added Component: Designator=C19(0805 CAP)
Added Component: Designator=C20(0805 CAP)
Added Component: Designator=C21(0805 CAP)
Added Component: Designator=C22(0805 CAP)
Added Component: Designator=C23(0805 CAP)
Added Component: Designator=C24(0805 CAP)
Added Component: Designator=C25(0805 CAP)
Added Component: Designator=C26(0805 CAP)
Added Component: Designator=C27(0805 CAP)
Added Component: Designator=C28(0805 CAP)
Added Component: Designator=C29(TANTAL_C)
Added Component: Designator=D1(gp2y smd)
Added Component: Designator=D2(gp2y smd)
Added Component: Designator=D3(gp2y smd)
Added Component: Designator=D4(gp2y smd)
Added Component: Designator=D5(gp2y smd)
Added Component: Designator=D6(gp2y smd)
Added Component: Designator=D7(gp2y smd)
Added Component: Designator=D8(gp2y smd)
