Removed Pin From Net: NetName=VBAT Pin=C26-1
Removed Pin From Net: NetName=GND Pin=C26-2
Removed Pin From Net: NetName=5V Pin=C27-1
Removed Pin From Net: NetName=GND Pin=C27-2
Removed Pin From Net: NetName=5V Pin=C28-1
Removed Pin From Net: NetName=GND Pin=C28-2
Removed Pin From Net: NetName=VCC Pin=C29-1
Removed Pin From Net: NetName=GND Pin=C29-2
Removed Pin From Net: NetName=5V Pin=LED10-2
Removed Pin From Net: NetName=GND Pin=Q3-GND
Removed Pin From Net: NetName=VBAT Pin=Q3-IN
Removed Pin From Net: NetName=5V Pin=Q3-OUT
Removed Pin From Net: NetName=GND Pin=Q4-GND
Removed Pin From Net: NetName=GND Pin=Q4-GND
Removed Pin From Net: NetName=5V Pin=Q4-IN
Removed Pin From Net: NetName=VCC Pin=Q4-OUT
Removed Member From Class: ClassName=Sheet1 Member=C26
Removed Member From Class: ClassName=Sheet1 Member=C27
Removed Member From Class: ClassName=Sheet1 Member=C28
Removed Member From Class: ClassName=Sheet1 Member=C29
Removed Member From Class: ClassName=Sheet1 Member=Q3
Removed Member From Class: ClassName=Sheet1 Member=Q4
Added Component: Designator=1000u(TANTAL_R)
Added Component: Designator=C30(TANTAL_C)
Added Component: Designator=C31(0805 CAP)
Added Component: Designator=C32(TANTAL_C)
Added Component: Designator=D?(SMB)
Added Component: Designator=L1(CEWKA)
Added Component: Designator=Q7(LM2576)
Added Component: Designator=Q8(LM3940IMP)
Added Pin To Net: NetName=GND Pin=1000u-2
Added Pin To Net: NetName=VBAT Pin=C30-1
Added Pin To Net: NetName=GND Pin=C30-2
Added Pin To Net: NetName=GND Pin=C31-1
Added Pin To Net: NetName=VCC Pin=C32-1
Added Pin To Net: NetName=GND Pin=C32-2
Added Pin To Net: NetName=GND Pin=D?-1
Added Pin To Net: NetName=VBAT Pin=Q7-1
Added Pin To Net: NetName=GND Pin=Q7-3
Added Pin To Net: NetName=GND Pin=Q7-3
Added Pin To Net: NetName=GND Pin=Q7-5
Added Pin To Net: NetName=GND Pin=Q8-GND
Added Pin To Net: NetName=GND Pin=Q8-GND
Added Pin To Net: NetName=VCC Pin=Q8-OUT
Added Pin To Net: NetName=Net1000u_1 Pin=1000u-1
Added Pin To Net: NetName=Net1000u_1 Pin=C31-2
Added Pin To Net: NetName=Net1000u_1 Pin=L1-2
Added Pin To Net: NetName=Net1000u_1 Pin=LED10-2
Added Pin To Net: NetName=Net1000u_1 Pin=Q7-4
Added Pin To Net: NetName=Net1000u_1 Pin=Q8-IN
Added Net: Name=Net1000u_1
Added Pin To Net: NetName=NetD?_2 Pin=D?-2
Added Pin To Net: NetName=NetD?_2 Pin=L1-1
Added Pin To Net: NetName=NetD?_2 Pin=Q7-2
Added Net: Name=NetD?_2
Added Member To Class: ClassName=Sheet1 Member=Component 1000u TANTAL_R
Added Member To Class: ClassName=Sheet1 Member=Component C30 100u
Added Member To Class: ClassName=Sheet1 Member=Component C31 470n
Added Member To Class: ClassName=Sheet1 Member=Component C32 33u
Added Member To Class: ClassName=Sheet1 Member=Component D? Schottky
Added Member To Class: ClassName=Sheet1 Member=Component L1 100uH
Added Member To Class: ClassName=Sheet1 Member=Component Q7 LM2576
Added Member To Class: ClassName=Sheet1 Member=Component Q8 LM3940IMP
