Removed Pin From Net: NetName=VCC Pin=C5-1
Removed Pin From Net: NetName=VCC Pin=C6-1
Removed Pin From Net: NetName=GND Pin=C6-2
Removed Pin From Net: NetName=5V Pin=J3-1
Removed Pin From Net: NetName=5V Pin=J4-1
Removed Pin From Net: NetName=GND Pin=J5-2
Removed Pin From Net: NetName=VCC Pin=JP1-2
Removed Pin From Net: NetName=RESET Pin=JP1-5
Removed Pin From Net: NetName=GND Pin=JP1-6
Removed Pin From Net: NetName=BAT2 Pin=JP10-4
Removed Pin From Net: NetName=VCC Pin=P1-1
Removed Pin From Net: NetName=GND Pin=P1-2
Removed Pin From Net: NetName=SHARP8 Pin=Q1-PA1
Removed Pin From Net: NetName=SHARP7 Pin=Q1-PA2
Removed Pin From Net: NetName=PWMB Pin=Q1-PA9
Removed Pin From Net: NetName=KEY Pin=Q1-PA12
Removed Pin From Net: NetName=SHARP5 Pin=Q1-PA15
Removed Pin From Net: NetName=SW1 Pin=Q1-PB3
Removed Pin From Net: NetName=SW2 Pin=Q1-PB4
Removed Pin From Net: NetName=IN1B Pin=Q1-PB6
Removed Pin From Net: NetName=IN2B Pin=Q1-PB7
Removed Pin From Net: NetName=IN1A Pin=Q1-PB9
Removed Pin From Net: NetName=LED1 Pin=Q1-PB10
Removed Pin From Net: NetName=LED2 Pin=Q1-PB11
Removed Pin From Net: NetName=LED3 Pin=Q1-PB12
Removed Pin From Net: NetName=LED4 Pin=Q1-PB13
Removed Pin From Net: NetName=LED5 Pin=Q1-PB14
Removed Pin From Net: NetName=LED6 Pin=Q1-PB15
Removed Pin From Net: NetName=LED7 Pin=Q1-PC6
Removed Pin From Net: NetName=LED8 Pin=Q1-PC7
Removed Pin From Net: NetName=KTIR2 Pin=Q1-PC8
Removed Pin From Net: NetName=KTIR1 Pin=Q1-PC9
Removed Pin From Net: NetName=SHARP3 Pin=Q1-PC10
Removed Pin From Net: NetName=SHARP1 Pin=Q1-PC11
Removed Pin From Net: NetName=START Pin=Q1-PC12
Removed Pin From Net: NetName=PWMA Pin=Q1-PC13
Removed Pin From Net: NetName=SHARP2 Pin=Q1-PC15/OSC32_OUT
Removed Pin From Net: NetName=SHARP4 Pin=Q1-PF0/OSC_IN
Removed Pin From Net: NetName=SHARP6 Pin=Q1-PF1/OSC_OUT
Removed Pin From Net: NetName=VCC Pin=Q1-VDDA
Removed Pin From Net: NetName=KEY Pin=R1-1
Removed Pin From Net: NetName=NetQ2_8 Pin=R1-2
Removed Pin From Net: NetName=GND Pin=R2-1
Removed Pin From Net: NetName=NetLED1_1 Pin=R2-2
Change Component DesignItemId : Designator=J5 Old DesignItemId=CON_1MM_5PIN New DesignItemId=CON_1MM_6PIN
Change Component DesignItemId : Designator=JP1 Old DesignItemId=HEADER 3X2 New DesignItemId=CON_1MM_6PIN
Change Component Footprint: Designator=J5 Old Footprint=CON_1MM_5PIN New Footprint=CON_1MM_6PIN
Change Component Footprint: Designator=JP1 Old Footprint=MM3X2 SMD New Footprint=CON_1MM_6PIN
Change Component Comment : Designator=R2 Old Comment=22 New Comment=10k
Change Component Comment : Designator=R14 Old Comment=68 New Comment=680
Change Component Comment : Designator=R15 Old Comment=68 New Comment=680
Change Component Comment : Designator=R16 Old Comment=68 New Comment=680
Change Component Comment : Designator=R17 Old Comment=68 New Comment=680
Change Component Comment : Designator=R18 Old Comment=68 New Comment=680
Change Component Comment : Designator=R19 Old Comment=68 New Comment=680
Change Component Comment : Designator=R20 Old Comment=68 New Comment=680
Change Component Comment : Designator=R21 Old Comment=68 New Comment=680
Change Component Comment : Designator=R13 Old Comment=150 New Comment=470
Change Component Comment : Designator=R1 Old Comment=470 New Comment=22k
Change Component Comment : Designator=J5 Old Comment=bateria-plytka New Comment=6PIN_1MM
Change Component Comment : Designator=JP1 Old Comment=HEADER 3X2 New Comment=6PIN_1MM
Change Component Designator: OldDesignator=Q1 NewDesignator=Q0
