Added Component: Designator=A(SSOP24)
Added Component: Designator=B(SSOP24)
Added Component: Designator=C1(0805 CAP)
Added Component: Designator=C2(0805 CAP)
Added Component: Designator=C3(0805 CAP)
Added Component: Designator=C4(0805 CAP)
Added Component: Designator=C5(0805 CAP)
Added Component: Designator=C6(0805 CAP)
Added Component: Designator=C7(0805 CAP)
Added Component: Designator=C8(0805 CAP)
Added Component: Designator=C9(0805 CAP)
Added Component: Designator=C10(0805 CAP)
Added Component: Designator=C11(0805 CAP)
Added Component: Designator=C12(0805 CAP)
Added Component: Designator=C13(TANTAL_A)
Added Component: Designator=C14(0805 CAP)
Added Component: Designator=C15(0805 CAP)
Added Component: Designator=C16(0805 CAP)
Added Component: Designator=C17(TANTAL_A)
Added Component: Designator=C18(0805 CAP)
Added Component: Designator=C19(0805 CAP)
Added Component: Designator=C20(0805 CAP)
Added Component: Designator=C21(0805 CAP)
Added Component: Designator=C22(0805 CAP)
Added Component: Designator=C23(0805 CAP)
Added Component: Designator=C24(0805 CAP)
Added Component: Designator=C25(0805 CAP)
Added Component: Designator=C26(0805 CAP)
Added Component: Designator=C27(0805 CAP)
Added Component: Designator=C28(0805 CAP)
Added Component: Designator=C29(TANTAL_C)
Added Component: Designator=D1(gp2y smd)
Added Component: Designator=D2(gp2y smd)
Added Component: Designator=D3(gp2y smd)
Added Component: Designator=D4(gp2y smd)
Added Component: Designator=D5(gp2y smd)
Added Component: Designator=D6(gp2y smd)
Added Component: Designator=D7(gp2y smd)
Added Component: Designator=D8(gp2y smd)
Added Component: Designator=J1(CON_1mm_4pin)
Added Component: Designator=J2(CON_1mm_4pin)
Added Component: Designator=J3(CON_1MM_3PIN)
Added Component: Designator=J4(CON_1MM_3PIN)
Added Component: Designator=J5(CON_1MM_5PIN)
Added Component: Designator=J6(CON_1MM_3PIN)
Added Component: Designator=JP1(MM3X2 SMD)
Added Component: Designator=LED1(0805)
Added Component: Designator=LED2(0805)
Added Component: Designator=LED3(0805)
Added Component: Designator=LED4(0805)
Added Component: Designator=LED5(0805)
Added Component: Designator=LED6(0805)
Added Component: Designator=LED7(0805)
Added Component: Designator=LED8(0805)
Added Component: Designator=LED9(0805)
Added Component: Designator=LED10(0805)
Added Component: Designator=P1(HDR1X3)
Added Component: Designator=Q1(STM32F303RCT6)
Added Component: Designator=Q2(PCBComponent_1)
Added Component: Designator=Q3(LM7805_D2PAK)
Added Component: Designator=Q4(LM3940IMP)
Added Component: Designator=R1(0805 RES)
Added Component: Designator=R2(0805 RES)
Added Component: Designator=R5(0805 RES)
Added Component: Designator=R6(0805 RES)
Added Component: Designator=R7(0805 RES)
Added Component: Designator=R8(0805 RES)
Added Component: Designator=R9(0805 RES)
Added Component: Designator=R10(0805 RES)
Added Component: Designator=R11(0805 RES)
Added Component: Designator=R12(0805 RES)
Added Component: Designator=R13(0805 RES)
Added Component: Designator=R14(0805 RES)
Added Component: Designator=R15(0805 RES)
Added Component: Designator=R16(0805 RES)
Added Component: Designator=R17(0805 RES)
Added Component: Designator=R18(0805 RES)
Added Component: Designator=R19(0805 RES)
Added Component: Designator=R20(0805 RES)
Added Component: Designator=R21(0805 RES)
Added Component: Designator=S1(Switch)
Added Component: Designator=S2(Switch)
Added Component: Designator=S3(Switch)
Added Component: Designator=Y1(PCBComponent_1 - duplicate)
Added Pin To Net: NetName=5V Pin=C27-1
Added Pin To Net: NetName=5V Pin=C28-1
Added Pin To Net: NetName=5V Pin=D1-1
Added Pin To Net: NetName=5V Pin=D2-1
Added Pin To Net: NetName=5V Pin=D3-1
Added Pin To Net: NetName=5V Pin=D4-1
Added Pin To Net: NetName=5V Pin=D5-1
Added Pin To Net: NetName=5V Pin=D6-1
Added Pin To Net: NetName=5V Pin=D7-1
Added Pin To Net: NetName=5V Pin=D8-1
Added Pin To Net: NetName=5V Pin=J3-1
Added Pin To Net: NetName=5V Pin=J4-1
Added Pin To Net: NetName=5V Pin=LED10-2
Added Pin To Net: NetName=5V Pin=Q3-OUT
Added Pin To Net: NetName=5V Pin=Q4-IN
Added Net: Name=5V
Added Pin To Net: NetName=BAT1 Pin=J5-3
Added Pin To Net: NetName=BAT1 Pin=J6-1
Added Net: Name=BAT1
Added Pin To Net: NetName=BAT2 Pin=J5-4
Added Pin To Net: NetName=BAT2 Pin=J6-2
Added Net: Name=BAT2
Added Pin To Net: NetName=BAT3 Pin=J5-5
Added Pin To Net: NetName=BAT3 Pin=J6-3
Added Net: Name=BAT3
Added Pin To Net: NetName=GND Pin=A-3
Added Pin To Net: NetName=GND Pin=A-4
Added Pin To Net: NetName=GND Pin=A-9
Added Pin To Net: NetName=GND Pin=A-10
Added Pin To Net: NetName=GND Pin=A-18
Added Pin To Net: NetName=GND Pin=B-3
Added Pin To Net: NetName=GND Pin=B-4
Added Pin To Net: NetName=GND Pin=B-9
Added Pin To Net: NetName=GND Pin=B-10
Added Pin To Net: NetName=GND Pin=B-18
Added Pin To Net: NetName=GND Pin=C1-2
Added Pin To Net: NetName=GND Pin=C2-2
Added Pin To Net: NetName=GND Pin=C3-2
Added Pin To Net: NetName=GND Pin=C4-2
Added Pin To Net: NetName=GND Pin=C5-2
Added Pin To Net: NetName=GND Pin=C6-2
Added Pin To Net: NetName=GND Pin=C7-2
Added Pin To Net: NetName=GND Pin=C8-2
Added Pin To Net: NetName=GND Pin=C9-2
Added Pin To Net: NetName=GND Pin=C10-2
Added Pin To Net: NetName=GND Pin=C11-2
Added Pin To Net: NetName=GND Pin=C12-2
Added Pin To Net: NetName=GND Pin=C13-2
Added Pin To Net: NetName=GND Pin=C14-2
Added Pin To Net: NetName=GND Pin=C15-2
Added Pin To Net: NetName=GND Pin=C16-2
Added Pin To Net: NetName=GND Pin=C17-2
Added Pin To Net: NetName=GND Pin=C18-1
Added Pin To Net: NetName=GND Pin=C19-1
Added Pin To Net: NetName=GND Pin=C20-1
Added Pin To Net: NetName=GND Pin=C21-1
Added Pin To Net: NetName=GND Pin=C22-1
Added Pin To Net: NetName=GND Pin=C23-1
Added Pin To Net: NetName=GND Pin=C24-1
Added Pin To Net: NetName=GND Pin=C25-1
Added Pin To Net: NetName=GND Pin=C26-2
Added Pin To Net: NetName=GND Pin=C27-2
Added Pin To Net: NetName=GND Pin=C28-2
Added Pin To Net: NetName=GND Pin=C29-2
Added Pin To Net: NetName=GND Pin=D1-4
Added Pin To Net: NetName=GND Pin=D2-4
Added Pin To Net: NetName=GND Pin=D3-4
Added Pin To Net: NetName=GND Pin=D4-4
Added Pin To Net: NetName=GND Pin=D5-4
Added Pin To Net: NetName=GND Pin=D6-4
Added Pin To Net: NetName=GND Pin=D7-4
Added Pin To Net: NetName=GND Pin=D8-4
Added Pin To Net: NetName=GND Pin=J3-3
Added Pin To Net: NetName=GND Pin=J4-3
Added Pin To Net: NetName=GND Pin=J5-2
Added Pin To Net: NetName=GND Pin=P1-2
Added Pin To Net: NetName=GND Pin=Q1-VSSA/VREF-
Added Pin To Net: NetName=GND Pin=Q1-VSS_2
Added Pin To Net: NetName=GND Pin=Q1-VSS_3
Added Pin To Net: NetName=GND Pin=Q1-BOOT0
Added Pin To Net: NetName=GND Pin=Q1-VSS_1
Added Pin To Net: NetName=GND Pin=Q2-GND
Added Pin To Net: NetName=GND Pin=Q2-GND
Added Pin To Net: NetName=GND Pin=Q2-GND
Added Pin To Net: NetName=GND Pin=Q2-GND
Added Pin To Net: NetName=GND Pin=Q2-GND
Added Pin To Net: NetName=GND Pin=Q2-GND
Added Pin To Net: NetName=GND Pin=Q2-GND
Added Pin To Net: NetName=GND Pin=Q2-GND
Added Pin To Net: NetName=GND Pin=Q2-GND
Added Pin To Net: NetName=GND Pin=Q3-GND
Added Pin To Net: NetName=GND Pin=Q4-GND
Added Pin To Net: NetName=GND Pin=Q4-GND
Added Pin To Net: NetName=GND Pin=R2-1
Added Pin To Net: NetName=GND Pin=R5-1
Added Pin To Net: NetName=GND Pin=R6-1
Added Pin To Net: NetName=GND Pin=R7-1
Added Pin To Net: NetName=GND Pin=R8-1
Added Pin To Net: NetName=GND Pin=R9-1
Added Pin To Net: NetName=GND Pin=R10-1
Added Pin To Net: NetName=GND Pin=R11-1
Added Pin To Net: NetName=GND Pin=R12-1
Added Pin To Net: NetName=GND Pin=R13-1
Added Pin To Net: NetName=GND Pin=S2-3
Added Pin To Net: NetName=GND Pin=S3-3
Added Net: Name=GND
Added Pin To Net: NetName=IN1A Pin=A-17
Added Pin To Net: NetName=IN1A Pin=A-21
Added Pin To Net: NetName=IN1A Pin=Q1-PC0
Added Net: Name=IN1A
Added Pin To Net: NetName=IN1B Pin=B-17
Added Pin To Net: NetName=IN1B Pin=B-21
Added Pin To Net: NetName=IN1B Pin=Q1-PC2
Added Net: Name=IN1B
Added Pin To Net: NetName=IN2A Pin=A-16
Added Pin To Net: NetName=IN2A Pin=A-22
Added Pin To Net: NetName=IN2A Pin=Q1-PC1
Added Net: Name=IN2A
Added Pin To Net: NetName=IN2B Pin=B-16
Added Pin To Net: NetName=IN2B Pin=B-22
Added Pin To Net: NetName=IN2B Pin=Q1-PC3
Added Net: Name=IN2B
Added Pin To Net: NetName=JTCK Pin=JP1-3
Added Pin To Net: NetName=JTCK Pin=Q1-PA14
Added Net: Name=JTCK
Added Pin To Net: NetName=JTDI Pin=JP1-5
Added Pin To Net: NetName=JTDI Pin=Q1-PA15
Added Net: Name=JTDI
Added Pin To Net: NetName=JTDO Pin=JP1-2
Added Pin To Net: NetName=JTDO Pin=Q1-PB3
Added Net: Name=JTDO
Added Pin To Net: NetName=JTMS Pin=JP1-1
Added Pin To Net: NetName=JTMS Pin=Q1-PA13
Added Net: Name=JTMS
Added Pin To Net: NetName=JTNRST Pin=JP1-4
Added Pin To Net: NetName=JTNRST Pin=Q1-PB4
Added Net: Name=JTNRST
Added Pin To Net: NetName=KEY Pin=Q1-PA0
Added Pin To Net: NetName=KEY Pin=R1-1
Added Net: Name=KEY
Added Pin To Net: NetName=KTIR1 Pin=J3-2
Added Pin To Net: NetName=KTIR1 Pin=Q1-PC9
Added Net: Name=KTIR1
Added Pin To Net: NetName=KTIR2 Pin=J4-2
Added Pin To Net: NetName=KTIR2 Pin=Q1-PC8
Added Net: Name=KTIR2
Added Pin To Net: NetName=LED1 Pin=Q1-PB1
Added Pin To Net: NetName=LED1 Pin=R14-1
Added Net: Name=LED1
Added Pin To Net: NetName=LED2 Pin=Q1-PB2
Added Pin To Net: NetName=LED2 Pin=R15-1
Added Net: Name=LED2
Added Pin To Net: NetName=LED3 Pin=Q1-PB10
Added Pin To Net: NetName=LED3 Pin=R16-1
Added Net: Name=LED3
Added Pin To Net: NetName=LED4 Pin=Q1-PB11
Added Pin To Net: NetName=LED4 Pin=R17-1
Added Net: Name=LED4
Added Pin To Net: NetName=LED5 Pin=Q1-PB12
Added Pin To Net: NetName=LED5 Pin=R18-1
Added Net: Name=LED5
Added Pin To Net: NetName=LED6 Pin=Q1-PB13
Added Pin To Net: NetName=LED6 Pin=R19-1
Added Net: Name=LED6
Added Pin To Net: NetName=LED7 Pin=Q1-PB14
Added Pin To Net: NetName=LED7 Pin=R20-1
Added Net: Name=LED7
Added Pin To Net: NetName=LED8 Pin=Q1-PB15
Added Pin To Net: NetName=LED8 Pin=R21-1
Added Net: Name=LED8
Added Pin To Net: NetName=M_OUT1A Pin=A-1
Added Pin To Net: NetName=M_OUT1A Pin=A-2
Added Pin To Net: NetName=M_OUT1A Pin=A-11
Added Pin To Net: NetName=M_OUT1A Pin=A-12
Added Pin To Net: NetName=M_OUT1A Pin=J1-1
Added Pin To Net: NetName=M_OUT1A Pin=J1-2
Added Net: Name=M_OUT1A
Added Pin To Net: NetName=M_OUT1B Pin=B-1
Added Pin To Net: NetName=M_OUT1B Pin=B-2
Added Pin To Net: NetName=M_OUT1B Pin=B-11
Added Pin To Net: NetName=M_OUT1B Pin=B-12
Added Pin To Net: NetName=M_OUT1B Pin=J2-1
Added Pin To Net: NetName=M_OUT1B Pin=J2-2
Added Net: Name=M_OUT1B
Added Pin To Net: NetName=M_OUT2A Pin=A-5
Added Pin To Net: NetName=M_OUT2A Pin=A-6
Added Pin To Net: NetName=M_OUT2A Pin=A-7
Added Pin To Net: NetName=M_OUT2A Pin=A-8
Added Pin To Net: NetName=M_OUT2A Pin=J1-3
Added Pin To Net: NetName=M_OUT2A Pin=J1-4
Added Net: Name=M_OUT2A
Added Pin To Net: NetName=M_OUT2B Pin=B-5
Added Pin To Net: NetName=M_OUT2B Pin=B-6
Added Pin To Net: NetName=M_OUT2B Pin=B-7
Added Pin To Net: NetName=M_OUT2B Pin=B-8
Added Pin To Net: NetName=M_OUT2B Pin=J2-3
Added Pin To Net: NetName=M_OUT2B Pin=J2-4
Added Net: Name=M_OUT2B
Added Pin To Net: NetName=NetC8_1 Pin=C8-1
Added Pin To Net: NetName=NetC8_1 Pin=Q1-PC14/OSC32_IN
Added Pin To Net: NetName=NetC8_1 Pin=Y1-1
Added Net: Name=NetC8_1
Added Pin To Net: NetName=NetC9_1 Pin=C9-1
Added Pin To Net: NetName=NetC9_1 Pin=Q1-PC15/OSC32_OUT
Added Pin To Net: NetName=NetC9_1 Pin=Y1-2
Added Net: Name=NetC9_1
Added Pin To Net: NetName=NetC18_2 Pin=C18-2
Added Pin To Net: NetName=NetC18_2 Pin=D1-5
Added Net: Name=NetC18_2
Added Pin To Net: NetName=NetC19_2 Pin=C19-2
Added Pin To Net: NetName=NetC19_2 Pin=D2-5
Added Net: Name=NetC19_2
Added Pin To Net: NetName=NetC20_2 Pin=C20-2
Added Pin To Net: NetName=NetC20_2 Pin=D3-5
Added Net: Name=NetC20_2
Added Pin To Net: NetName=NetC21_2 Pin=C21-2
Added Pin To Net: NetName=NetC21_2 Pin=D4-5
Added Net: Name=NetC21_2
Added Pin To Net: NetName=NetC22_2 Pin=C22-2
Added Pin To Net: NetName=NetC22_2 Pin=D5-5
Added Net: Name=NetC22_2
Added Pin To Net: NetName=NetC23_2 Pin=C23-2
Added Pin To Net: NetName=NetC23_2 Pin=D6-5
Added Net: Name=NetC23_2
Added Pin To Net: NetName=NetC24_2 Pin=C24-2
Added Pin To Net: NetName=NetC24_2 Pin=D7-5
Added Net: Name=NetC24_2
Added Pin To Net: NetName=NetC25_2 Pin=C25-2
Added Pin To Net: NetName=NetC25_2 Pin=D8-5
Added Net: Name=NetC25_2
Added Pin To Net: NetName=NetD1_2 Pin=D1-2
Added Pin To Net: NetName=NetD1_2 Pin=R5-2
Added Net: Name=NetD1_2
Added Pin To Net: NetName=NetD2_2 Pin=D2-2
Added Pin To Net: NetName=NetD2_2 Pin=R6-2
Added Net: Name=NetD2_2
Added Pin To Net: NetName=NetD3_2 Pin=D3-2
Added Pin To Net: NetName=NetD3_2 Pin=R7-2
Added Net: Name=NetD3_2
Added Pin To Net: NetName=NetD4_2 Pin=D4-2
Added Pin To Net: NetName=NetD4_2 Pin=R8-2
Added Net: Name=NetD4_2
Added Pin To Net: NetName=NetD5_2 Pin=D5-2
Added Pin To Net: NetName=NetD5_2 Pin=R9-2
Added Net: Name=NetD5_2
Added Pin To Net: NetName=NetD6_2 Pin=D6-2
Added Pin To Net: NetName=NetD6_2 Pin=R10-2
Added Net: Name=NetD6_2
Added Pin To Net: NetName=NetD7_2 Pin=D7-2
Added Pin To Net: NetName=NetD7_2 Pin=R11-2
Added Net: Name=NetD7_2
Added Pin To Net: NetName=NetD8_2 Pin=D8-2
Added Pin To Net: NetName=NetD8_2 Pin=R12-2
Added Net: Name=NetD8_2
Added Pin To Net: NetName=NetJ5_1 Pin=J5-1
Added Pin To Net: NetName=NetJ5_1 Pin=S1-2
Added Net: Name=NetJ5_1
Added Pin To Net: NetName=NetLED1_1 Pin=LED1-1
Added Pin To Net: NetName=NetLED1_1 Pin=R2-2
Added Net: Name=NetLED1_1
Added Pin To Net: NetName=NetLED1_2 Pin=LED1-2
Added Pin To Net: NetName=NetLED1_2 Pin=Q2-LED
Added Net: Name=NetLED1_2
Added Pin To Net: NetName=NetLED2_1 Pin=LED2-1
Added Pin To Net: NetName=NetLED2_1 Pin=R14-2
Added Net: Name=NetLED2_1
Added Pin To Net: NetName=NetLED3_1 Pin=LED3-1
Added Pin To Net: NetName=NetLED3_1 Pin=R15-2
Added Net: Name=NetLED3_1
Added Pin To Net: NetName=NetLED4_1 Pin=LED4-1
Added Pin To Net: NetName=NetLED4_1 Pin=R16-2
Added Net: Name=NetLED4_1
Added Pin To Net: NetName=NetLED5_1 Pin=LED5-1
Added Pin To Net: NetName=NetLED5_1 Pin=R17-2
Added Net: Name=NetLED5_1
Added Pin To Net: NetName=NetLED6_1 Pin=LED6-1
Added Pin To Net: NetName=NetLED6_1 Pin=R18-2
Added Net: Name=NetLED6_1
Added Pin To Net: NetName=NetLED7_1 Pin=LED7-1
Added Pin To Net: NetName=NetLED7_1 Pin=R19-2
Added Net: Name=NetLED7_1
Added Pin To Net: NetName=NetLED8_1 Pin=LED8-1
Added Pin To Net: NetName=NetLED8_1 Pin=R20-2
Added Net: Name=NetLED8_1
Added Pin To Net: NetName=NetLED9_1 Pin=LED9-1
Added Pin To Net: NetName=NetLED9_1 Pin=R21-2
Added Net: Name=NetLED9_1
Added Pin To Net: NetName=NetLED10_1 Pin=LED10-1
Added Pin To Net: NetName=NetLED10_1 Pin=R13-2
Added Net: Name=NetLED10_1
Added Pin To Net: NetName=NetQ2_8 Pin=Q2-KEY
Added Pin To Net: NetName=NetQ2_8 Pin=R1-2
Added Net: Name=NetQ2_8
Added Pin To Net: NetName=PWMA Pin=A-15
Added Pin To Net: NetName=PWMA Pin=A-23
Added Pin To Net: NetName=PWMA Pin=Q1-PC13
Added Net: Name=PWMA
Added Pin To Net: NetName=PWMB Pin=B-15
Added Pin To Net: NetName=PWMB Pin=B-23
Added Pin To Net: NetName=PWMB Pin=Q1-PA9
Added Net: Name=PWMB
Added Pin To Net: NetName=RESET Pin=JP1-6
Added Pin To Net: NetName=RESET Pin=Q1-NRST
Added Net: Name=RESET
Added Pin To Net: NetName=SHARP1 Pin=D1-3
Added Pin To Net: NetName=SHARP1 Pin=Q1-PA3
Added Net: Name=SHARP1
Added Pin To Net: NetName=SHARP2 Pin=D2-3
Added Pin To Net: NetName=SHARP2 Pin=Q1-PA4
Added Net: Name=SHARP2
Added Pin To Net: NetName=SHARP3 Pin=D3-3
Added Pin To Net: NetName=SHARP3 Pin=Q1-PA5
Added Net: Name=SHARP3
Added Pin To Net: NetName=SHARP4 Pin=D4-3
Added Pin To Net: NetName=SHARP4 Pin=Q1-PA6
Added Net: Name=SHARP4
Added Pin To Net: NetName=SHARP5 Pin=D5-3
Added Pin To Net: NetName=SHARP5 Pin=Q1-PA7
Added Net: Name=SHARP5
Added Pin To Net: NetName=SHARP6 Pin=D6-3
Added Pin To Net: NetName=SHARP6 Pin=Q1-PA8
Added Net: Name=SHARP6
Added Pin To Net: NetName=SHARP7 Pin=D7-3
Added Pin To Net: NetName=SHARP7 Pin=Q1-PA10
Added Net: Name=SHARP7
Added Pin To Net: NetName=SHARP8 Pin=D8-3
Added Pin To Net: NetName=SHARP8 Pin=Q1-PA11
Added Net: Name=SHARP8
Added Pin To Net: NetName=START Pin=P1-3
Added Pin To Net: NetName=START Pin=Q1-PF4
Added Net: Name=START
Added Pin To Net: NetName=SW1 Pin=Q1-PA1
Added Pin To Net: NetName=SW1 Pin=S2-2
Added Net: Name=SW1
Added Pin To Net: NetName=SW2 Pin=Q1-PA2
Added Pin To Net: NetName=SW2 Pin=S3-2
Added Net: Name=SW2
Added Pin To Net: NetName=USART1_RX Pin=Q1-PC5
Added Pin To Net: NetName=USART1_RX Pin=Q2-UART_TXD
Added Net: Name=USART1_RX
Added Pin To Net: NetName=USART1_TX Pin=Q1-PC4
Added Pin To Net: NetName=USART1_TX Pin=Q2-UART_RXD
Added Net: Name=USART1_TX
Added Pin To Net: NetName=VBAT Pin=A-13
Added Pin To Net: NetName=VBAT Pin=A-14
Added Pin To Net: NetName=VBAT Pin=A-24
Added Pin To Net: NetName=VBAT Pin=B-13
Added Pin To Net: NetName=VBAT Pin=B-14
Added Pin To Net: NetName=VBAT Pin=B-24
Added Pin To Net: NetName=VBAT Pin=C12-1
Added Pin To Net: NetName=VBAT Pin=C13-1
Added Pin To Net: NetName=VBAT Pin=C16-1
Added Pin To Net: NetName=VBAT Pin=C17-1
Added Pin To Net: NetName=VBAT Pin=C26-1
Added Pin To Net: NetName=VBAT Pin=Q3-IN
Added Pin To Net: NetName=VBAT Pin=S1-1
Added Net: Name=VBAT
Added Pin To Net: NetName=VCC Pin=A-19
Added Pin To Net: NetName=VCC Pin=A-20
Added Pin To Net: NetName=VCC Pin=B-19
Added Pin To Net: NetName=VCC Pin=B-20
Added Pin To Net: NetName=VCC Pin=C1-1
Added Pin To Net: NetName=VCC Pin=C2-1
Added Pin To Net: NetName=VCC Pin=C3-1
Added Pin To Net: NetName=VCC Pin=C4-1
Added Pin To Net: NetName=VCC Pin=C5-1
Added Pin To Net: NetName=VCC Pin=C6-1
Added Pin To Net: NetName=VCC Pin=C7-1
Added Pin To Net: NetName=VCC Pin=C10-1
Added Pin To Net: NetName=VCC Pin=C11-1
Added Pin To Net: NetName=VCC Pin=C14-1
Added Pin To Net: NetName=VCC Pin=C15-1
Added Pin To Net: NetName=VCC Pin=C29-1
Added Pin To Net: NetName=VCC Pin=LED2-2
Added Pin To Net: NetName=VCC Pin=LED3-2
Added Pin To Net: NetName=VCC Pin=LED4-2
Added Pin To Net: NetName=VCC Pin=LED5-2
Added Pin To Net: NetName=VCC Pin=LED6-2
Added Pin To Net: NetName=VCC Pin=LED7-2
Added Pin To Net: NetName=VCC Pin=LED8-2
Added Pin To Net: NetName=VCC Pin=LED9-2
Added Pin To Net: NetName=VCC Pin=P1-1
Added Pin To Net: NetName=VCC Pin=Q1-VBAT
Added Pin To Net: NetName=VCC Pin=Q1-VDDA
Added Pin To Net: NetName=VCC Pin=Q1-VDD_4
Added Pin To Net: NetName=VCC Pin=Q1-VDD_2
Added Pin To Net: NetName=VCC Pin=Q1-VDD_3
Added Pin To Net: NetName=VCC Pin=Q1-VDD_1
Added Pin To Net: NetName=VCC Pin=Q2-3V3
Added Pin To Net: NetName=VCC Pin=Q4-OUT
Added Net: Name=VCC
Added Class: Name=Sheet1
Added Room: Name=Sheet1
