Removed Pin From Net: NetName=5V Pin=D2-1
Removed Pin From Net: NetName=NetD2_2 Pin=D2-2
Removed Pin From Net: NetName=GND Pin=D2-4
Removed Pin From Net: NetName=NetC19_2 Pin=D2-5
Removed Pin From Net: NetName=5V Pin=D3-1
Removed Pin From Net: NetName=NetD3_2 Pin=D3-2
Removed Pin From Net: NetName=GND Pin=D3-4
Removed Pin From Net: NetName=NetC20_2 Pin=D3-5
Removed Pin From Net: NetName=5V Pin=D4-1
Removed Pin From Net: NetName=NetD4_2 Pin=D4-2
Removed Pin From Net: NetName=GND Pin=D4-4
Removed Pin From Net: NetName=NetC21_2 Pin=D4-5
Removed Pin From Net: NetName=5V Pin=D5-1
Removed Pin From Net: NetName=NetD5_2 Pin=D5-2
Removed Pin From Net: NetName=GND Pin=D5-4
Removed Pin From Net: NetName=NetC22_2 Pin=D5-5
Removed Pin From Net: NetName=5V Pin=D6-1
Removed Pin From Net: NetName=NetD6_2 Pin=D6-2
Removed Pin From Net: NetName=GND Pin=D6-4
Removed Pin From Net: NetName=NetC23_2 Pin=D6-5
Removed Pin From Net: NetName=5V Pin=D7-1
Removed Pin From Net: NetName=NetD7_2 Pin=D7-2
Removed Pin From Net: NetName=GND Pin=D7-4
Removed Pin From Net: NetName=NetC24_2 Pin=D7-5
Removed Pin From Net: NetName=5V Pin=D8-1
Removed Pin From Net: NetName=NetD8_2 Pin=D8-2
Removed Pin From Net: NetName=GND Pin=D8-4
Removed Pin From Net: NetName=NetC25_2 Pin=D8-5
Added Pin To Net: NetName=NetC19_2 Pin=D2-1
Added Pin To Net: NetName=GND Pin=D2-2
Added Pin To Net: NetName=NetD2_2 Pin=D2-4
Added Pin To Net: NetName=5V Pin=D2-5
Added Pin To Net: NetName=NetC20_2 Pin=D3-1
Added Pin To Net: NetName=GND Pin=D3-2
Added Pin To Net: NetName=NetD3_2 Pin=D3-4
Added Pin To Net: NetName=5V Pin=D3-5
Added Pin To Net: NetName=NetC21_2 Pin=D4-1
Added Pin To Net: NetName=GND Pin=D4-2
Added Pin To Net: NetName=NetD4_2 Pin=D4-4
Added Pin To Net: NetName=5V Pin=D4-5
Added Pin To Net: NetName=NetC22_2 Pin=D5-1
Added Pin To Net: NetName=GND Pin=D5-2
Added Pin To Net: NetName=NetD5_2 Pin=D5-4
Added Pin To Net: NetName=5V Pin=D5-5
Added Pin To Net: NetName=NetC23_2 Pin=D6-1
Added Pin To Net: NetName=GND Pin=D6-2
Added Pin To Net: NetName=NetD6_2 Pin=D6-4
Added Pin To Net: NetName=5V Pin=D6-5
Added Pin To Net: NetName=NetC24_2 Pin=D7-1
Added Pin To Net: NetName=GND Pin=D7-2
Added Pin To Net: NetName=NetD7_2 Pin=D7-4
Added Pin To Net: NetName=5V Pin=D7-5
Added Pin To Net: NetName=NetC25_2 Pin=D8-1
Added Pin To Net: NetName=GND Pin=D8-2
Added Pin To Net: NetName=NetD8_2 Pin=D8-4
Added Pin To Net: NetName=5V Pin=D8-5
